[10:27:40] [main/INFO]: Environment: authHost='https://authserver.mojang.com', accountsHost='https://api.mojang.com', sessionHost='https://sessionserver.mojang.com', servicesHost='https://api.minecraftservices.com', name='PROD'
[10:27:41] [main/WARN]: Ambiguity between arguments [teleport, destination] and [teleport, targets] with inputs: [Player, 0123, @e, dd12be42-52a9-4a91-a8a1-11c01849e498]
[10:27:41] [main/WARN]: Ambiguity between arguments [teleport, location] and [teleport, destination] with inputs: [0.1 -0.5 .9, 0 0 0]
[10:27:41] [main/WARN]: Ambiguity between arguments [teleport, location] and [teleport, targets] with inputs: [0.1 -0.5 .9, 0 0 0]
[10:27:41] [main/WARN]: Ambiguity between arguments [teleport, targets] and [teleport, destination] with inputs: [Player, 0123, dd12be42-52a9-4a91-a8a1-11c01849e498]
[10:27:41] [main/WARN]: Ambiguity between arguments [teleport, targets, location] and [teleport, targets, destination] with inputs: [0.1 -0.5 .9, 0 0 0]
[10:27:41] [main/INFO]: Reloading ResourceManager: Default
[10:27:41] [Worker-Main-12/INFO]: Loaded 7 recipes
[10:27:41] [Worker-Main-12/INFO]: Loaded 927 advancements
[10:27:42] [Server thread/INFO]: Starting minecraft server version 1.16.4
[10:27:42] [Server thread/INFO]: Loading properties
[10:27:42] [Server thread/INFO]: Default game type: SURVIVAL
[10:27:42] [Server thread/INFO]: Generating keypair
[10:27:42] [Server console handler/ERROR]: Exception handling console input
java.io.IOException: Controlador no válido
	at java.io.FileInputStream.readBytes(Native Method) ~[?:1.8.0_271]
	at java.io.FileInputStream.read(Unknown Source) ~[?:1.8.0_271]
	at java.io.BufferedInputStream.read1(Unknown Source) ~[?:1.8.0_271]
	at java.io.BufferedInputStream.read(Unknown Source) ~[?:1.8.0_271]
	at sun.nio.cs.StreamDecoder.readBytes(Unknown Source) ~[?:1.8.0_271]
	at sun.nio.cs.StreamDecoder.implRead(Unknown Source) ~[?:1.8.0_271]
	at sun.nio.cs.StreamDecoder.read(Unknown Source) ~[?:1.8.0_271]
	at java.io.InputStreamReader.read(Unknown Source) ~[?:1.8.0_271]
	at java.io.BufferedReader.fill(Unknown Source) ~[?:1.8.0_271]
	at java.io.BufferedReader.readLine(Unknown Source) ~[?:1.8.0_271]
	at java.io.BufferedReader.readLine(Unknown Source) ~[?:1.8.0_271]
	at zg$1.run(SourceFile:95) [minecraft_server.jar:?]
[10:27:42] [Server thread/INFO]: Starting Minecraft server on *:25565
[10:27:42] [Server thread/INFO]: Using default channel type
[10:27:43] [Server thread/WARN]: **** SERVER IS RUNNING IN OFFLINE/INSECURE MODE!
[10:27:43] [Server thread/WARN]: The server will make no attempt to authenticate usernames. Beware.
[10:27:43] [Server thread/WARN]: While this makes the game possible to play without internet access, it also opens up the ability for hackers to connect with any username they choose.
[10:27:43] [Server thread/WARN]: To change this, set "online-mode" to "true" in the server.properties file.
[10:27:43] [Server thread/INFO]: Preparing level "world"
[10:27:43] [Server thread/INFO]: Preparing start region for dimension minecraft:overworld
[10:27:44] [Server thread/INFO]: Preparing spawn area: 0%
[10:27:44] [Server thread/INFO]: Preparing spawn area: 0%
[10:27:46] [Worker-Main-10/INFO]: Preparing spawn area: 83%
[10:27:46] [Worker-Main-11/INFO]: Preparing spawn area: 83%
[10:27:46] [Worker-Main-11/INFO]: Preparing spawn area: 83%
[10:27:46] [Worker-Main-11/INFO]: Preparing spawn area: 83%
[10:27:46] [Server thread/INFO]: Time elapsed: 2955 ms
[10:27:46] [Server thread/INFO]: Done (3.017s)! For help, type "help"
[10:28:13] [Server thread/INFO]: /advancement (grant|revoke)
[10:28:13] [Server thread/INFO]: /attribute <target> <attribute> (base|get|modifier)
[10:28:13] [Server thread/INFO]: /ban <targets> [<reason>]
[10:28:13] [Server thread/INFO]: /ban-ip <target> [<reason>]
[10:28:13] [Server thread/INFO]: /banlist [ips|players]
[10:28:13] [Server thread/INFO]: /bossbar (add|get|list|remove|set)
[10:28:13] [Server thread/INFO]: /clear [<targets>]
[10:28:13] [Server thread/INFO]: /clone <begin> <end> <destination> [filtered|masked|replace]
[10:28:13] [Server thread/INFO]: /data (get|merge|modify|remove)
[10:28:13] [Server thread/INFO]: /datapack (disable|enable|list)
[10:28:13] [Server thread/INFO]: /debug (report|start|stop)
[10:28:13] [Server thread/INFO]: /defaultgamemode (adventure|creative|spectator|survival)
[10:28:13] [Server thread/INFO]: /deop <targets>
[10:28:13] [Server thread/INFO]: /difficulty [easy|hard|normal|peaceful]
[10:28:13] [Server thread/INFO]: /effect (clear|give)
[10:28:13] [Server thread/INFO]: /enchant <targets> <enchantment> [<level>]
[10:28:13] [Server thread/INFO]: /execute (align|anchored|as|at|facing|if|in|positioned|rotated|run|store|unless)
[10:28:13] [Server thread/INFO]: /experience (add|query|set)
[10:28:13] [Server thread/INFO]: /fill <from> <to> <block> [destroy|hollow|keep|outline|replace]
[10:28:13] [Server thread/INFO]: /forceload (add|query|remove)
[10:28:13] [Server thread/INFO]: /function <name>
[10:28:13] [Server thread/INFO]: /gamemode (adventure|creative|spectator|survival)
[10:28:13] [Server thread/INFO]: /gamerule (announceAdvancements|commandBlockOutput|disableElytraMovementCheck|disableRaids|doDaylightCycle|doEntityDrops|doFireTick|doImmediateRespawn|doInsomnia|doLimitedCrafting|doMobLoot|doMobSpawning|doPatrolSpawning|doTileDrops|doTraderSpawning|doWeatherCycle|drowningDamage|fallDamage|fireDamage|forgiveDeadPlayers|keepInventory|logAdminCommands|maxCommandChainLength|maxEntityCramming|mobGriefing|naturalRegeneration|randomTickSpeed|reducedDebugInfo|sendCommandFeedback|showDeathMessages|spawnRadius|spectatorsGenerateChunks|universalAnger)
[10:28:13] [Server thread/INFO]: /give <targets> <item> [<count>]
[10:28:13] [Server thread/INFO]: /help [<command>]
[10:28:13] [Server thread/INFO]: /kick <targets> [<reason>]
[10:28:13] [Server thread/INFO]: /kill [<targets>]
[10:28:13] [Server thread/INFO]: /list [uuids]
[10:28:13] [Server thread/INFO]: /locate (bastion_remnant|buried_treasure|desert_pyramid|endcity|fortress|igloo|jungle_pyramid|mansion|mineshaft|monument|nether_fossil|ocean_ruin|pillager_outpost|ruined_portal|shipwreck|stronghold|swamp_hut|village)
[10:28:13] [Server thread/INFO]: /locatebiome <biome>
[10:28:13] [Server thread/INFO]: /loot (give|insert|replace|spawn)
[10:28:13] [Server thread/INFO]: /me <action>
[10:28:13] [Server thread/INFO]: /msg <targets> <message>
[10:28:13] [Server thread/INFO]: /op <targets>
[10:28:13] [Server thread/INFO]: /pardon <targets>
[10:28:13] [Server thread/INFO]: /pardon-ip <target>
[10:28:13] [Server thread/INFO]: /particle <name> [<pos>]
[10:28:13] [Server thread/INFO]: /playsound <sound> (ambient|block|hostile|master|music|neutral|player|record|voice|weather)
[10:28:13] [Server thread/INFO]: /recipe (give|take)
[10:28:13] [Server thread/INFO]: /reload
[10:28:13] [Server thread/INFO]: /replaceitem (block|entity)
[10:28:13] [Server thread/INFO]: /save-all [flush]
[10:28:13] [Server thread/INFO]: /save-off
[10:28:13] [Server thread/INFO]: /save-on
[10:28:13] [Server thread/INFO]: /say <message>
[10:28:13] [Server thread/INFO]: /schedule (clear|function)
[10:28:13] [Server thread/INFO]: /scoreboard (objectives|players)
[10:28:13] [Server thread/INFO]: /seed
[10:28:13] [Server thread/INFO]: /setblock <pos> <block> [destroy|keep|replace]
[10:28:13] [Server thread/INFO]: /setidletimeout <minutes>
[10:28:13] [Server thread/INFO]: /setworldspawn [<pos>]
[10:28:13] [Server thread/INFO]: /spawnpoint [<targets>]
[10:28:13] [Server thread/INFO]: /spectate [<target>]
[10:28:13] [Server thread/INFO]: /spreadplayers <center> <spreadDistance> <maxRange> (under|<respectTeams>)
[10:28:13] [Server thread/INFO]: /stop
[10:28:13] [Server thread/INFO]: /stopsound <targets> [*|ambient|block|hostile|master|music|neutral|player|record|voice|weather]
[10:28:13] [Server thread/INFO]: /summon <entity> [<pos>]
[10:28:13] [Server thread/INFO]: /tag <targets> (add|list|remove)
[10:28:13] [Server thread/INFO]: /team (add|empty|join|leave|list|modify|remove)
[10:28:13] [Server thread/INFO]: /teammsg <message>
[10:28:13] [Server thread/INFO]: /teleport (<destination>|<location>|<targets>)
[10:28:13] [Server thread/INFO]: /tell -> msg
[10:28:13] [Server thread/INFO]: /tellraw <targets> <message>
[10:28:13] [Server thread/INFO]: /time (add|query|set)
[10:28:13] [Server thread/INFO]: /title <targets> (actionbar|clear|reset|subtitle|times|title)
[10:28:13] [Server thread/INFO]: /tm -> teammsg
[10:28:13] [Server thread/INFO]: /tp -> teleport
[10:28:13] [Server thread/INFO]: /trigger <objective> [add|set]
[10:28:13] [Server thread/INFO]: /w -> msg
[10:28:13] [Server thread/INFO]: /weather (clear|rain|thunder)
[10:28:13] [Server thread/INFO]: /whitelist (add|list|off|on|reload|remove)
[10:28:13] [Server thread/INFO]: /worldborder (add|center|damage|get|set|warning)
[10:28:13] [Server thread/INFO]: /xp -> experience
[10:28:51] [Server thread/INFO]: Stopping server
[10:28:51] [Server thread/INFO]: Saving players
[10:28:51] [Server thread/INFO]: Saving worlds
[10:28:51] [Server thread/INFO]: Saving chunks for level 'ServerLevel[world]'/minecraft:overworld
[10:28:51] [Server thread/INFO]: ThreadedAnvilChunkStorage (world): All chunks are saved
[10:28:51] [Server thread/INFO]: Saving chunks for level 'ServerLevel[world]'/minecraft:the_nether
[10:28:51] [Server thread/INFO]: ThreadedAnvilChunkStorage (DIM-1): All chunks are saved
[10:28:51] [Server thread/INFO]: Saving chunks for level 'ServerLevel[world]'/minecraft:the_end
[10:28:51] [Server thread/INFO]: ThreadedAnvilChunkStorage (DIM1): All chunks are saved
[10:28:51] [Server thread/INFO]: ThreadedAnvilChunkStorage (world): All chunks are saved
[10:28:51] [Server thread/INFO]: ThreadedAnvilChunkStorage (DIM-1): All chunks are saved
[10:28:51] [Server thread/INFO]: ThreadedAnvilChunkStorage (DIM1): All chunks are saved
